===== Tue May 20 18:53:24 JST 2025: ポッドキャスト更新開始 =====
./projects/podcast-converter/code/run_podcast.sh: 行 24: python: コマンドが見つかりません
Tue May 20 18:53:24 JST 2025: エラーが発生しました
Tue May 20 18:53:24 JST 2025: ログクリーンアップ完了。100日以上前のログファイルを削除しました。
===== Tue May 20 18:53:24 JST 2025: ポッドキャスト更新終了 =====
===== Tue May 20 19:23:36 JST 2025: ポッドキャスト更新開始 =====
2025-05-20 19:23:36,528 - INFO - 🚀 YouTube→ポッドキャスト変換 開始
2025-05-20 19:23:36,612 - INFO - 🎙️ 番組処理開始: shinsou (深層ニュース)
2025-05-20 19:23:36,613 - INFO - 🎙️ 番組処理開始: houdou1930 (報道1930)
2025-05-20 19:23:36,613 - INFO - 🎙️ 番組処理開始: houdoutokushuu (報道特集)
2025-05-20 19:23:43,473 - INFO - 🎞️ 対象動画数: 15
2025-05-20 19:23:43,816 - INFO - 🎞️ 対象動画数: 15
2025-05-20 19:23:44,335 - INFO - 🎞️ 対象動画数: 15
2025-05-20 19:23:49,123 - INFO - ⬇️ ダウンロード: 05-20：“任命拒否問題”の当事者が語った　文書が存在しないというのは「ありえないですね」.mp3
2025-05-20 19:23:49,213 - INFO - ⬇️ ダウンロード: 05-20：約3年ぶり直接交渉も即時停戦めぐり物別れ…ロシア“どう喝”交渉の狙い▽「この仕事.mp3
2025-05-20 19:23:50,267 - INFO - ⬇️ ダウンロード: 05-19：間もなく米ロ電話会談…合意か決裂か　NATOへの領空侵犯 ロシアの本当の狙いは【.mp3
2025-05-20 19:24:57,744 - INFO - ☁️ アップロード: 05-20：“任命拒否問題”の当事者が語った　文書が存在しないというのは「ありえないですね」.mp3
2025-05-20 19:25:07,559 - INFO - ☁️ アップロード: 05-20：約3年ぶり直接交渉も即時停戦めぐり物別れ…ロシア“どう喝”交渉の狙い▽「この仕事.mp3
2025-05-20 19:25:46,758 - INFO - ⬇️ ダウンロード: 05-16：【深層NEWS】露・ウクライナ３年ぶり直接交渉へ…プーチン氏は欠席▽トランプ氏中.mp3
2025-05-20 19:25:47,588 - ERROR - ⚠️ yt-dlp実行エラー: ❌ 動画が削除されています
2025-05-20 19:25:50,026 - ERROR - ⚠️ yt-dlp実行エラー: ❌ 動画が削除されています
2025-05-20 19:25:51,836 - ERROR - ⚠️ yt-dlp実行エラー: 🔒 非公開動画です
2025-05-20 19:26:07,222 - ERROR - ⚠️ yt-dlp実行エラー: ⚠️ 
ERROR: Interrupted by user

2025-05-20 19:26:07,238 - ERROR - ⚠️ ダウンロード失敗: 【深層NEWS】露・ウクライナ３年ぶり直接交渉へ…プーチン氏は欠席▽トランプ氏中東歴訪で巨額対米投資など合意…トランプ一族は中東で事業拡大▽トランプ氏シリア制裁解除表明
⚠️ WARNING: Post-Processor arguments given without specifying name. The arguments will be given to all post-processors

ERROR: Interrupted by user

2025-05-20 19:26:07,250 - ERROR - ⚠️ ダウンロード失敗: 間もなく米ロ電話会談…合意か決裂か　NATOへの領空侵犯 ロシアの本当の狙いは【5月19日(月) #報道1930】
⚠️ WARNING: Post-Processor arguments given without specifying name. The arguments will be given to all post-processors

ERROR: Interrupted by user

Traceback (most recent call last):
  File "/home/teisa/github/tetsufumi-isa.github.io/projects/podcast-converter/code/podcast_update.py", line 416, in main
    for future in concurrent.futures.as_completed(futures):
  File "/usr/lib/python3.12/concurrent/futures/_base.py", line 243, in as_completed
    waiter.event.wait(wait_timeout)
  File "/usr/lib/python3.12/threading.py", line 655, in wait
    signaled = self._cond.wait(timeout)
               ^^^^^^^^^^^^^^^^^^^^^^^^
  File "/usr/lib/python3.12/threading.py", line 355, in wait
    waiter.acquire()
KeyboardInterrupt

During handling of the above exception, another exception occurred:

Traceback (most recent call last):
  File "/home/teisa/github/tetsufumi-isa.github.io/projects/podcast-converter/code/podcast_update.py", line 455, in <module>
    sys.exit(main())
             ^^^^^^
  File "/home/teisa/github/tetsufumi-isa.github.io/projects/podcast-converter/code/podcast_update.py", line 410, in main
    with concurrent.futures.ThreadPoolExecutor(max_workers=max_workers) as executor:
  File "/usr/lib/python3.12/concurrent/futures/_base.py", line 647, in __exit__
    self.shutdown(wait=True)
  File "/usr/lib/python3.12/concurrent/futures/thread.py", line 238, in shutdown
    t.join()
  File "/usr/lib/python3.12/threading.py", line 1147, in join
    self._wait_for_tstate_lock()
  File "/usr/lib/python3.12/threading.py", line 1167, in _wait_for_tstate_lock
    if lock.acquire(block, timeout):
       ^^^^^^^^^^^^^^^^^^^^^^^^^^^^
KeyboardInterrupt
2025-05-20 19:26:08,109 - ERROR - ⚠️ yt-dlp実行エラー: ⚠️ 
ERROR: Interrupted by user

2025-05-20 19:26:08,134 - ERROR - ⚠️ yt-dlp実行エラー: ⚠️ 
ERROR: Interrupted by user

2025-05-20 19:26:08,152 - ERROR - ⚠️ yt-dlp実行エラー: ⚠️ 
ERROR: Interrupted by user

Exception ignored in: <module 'threading' from '/usr/lib/python3.12/threading.py'>
Traceback (most recent call last):
  File "/usr/lib/python3.12/threading.py", line 1592, in _shutdown
    atexit_call()
  File "/usr/lib/python3.12/concurrent/futures/thread.py", line 31, in _python_exit
    t.join()
  File "/usr/lib/python3.12/threading.py", line 1147, in join
    self._wait_for_tstate_lock()
  File "/usr/lib/python3.12/threading.py", line 1167, in _wait_for_tstate_lock
    if lock.acquire(block, timeout):
       ^^^^^^^^^^^^^^^^^^^^^^^^^^^^
KeyboardInterrupt: 
===== Tue May 20 19:45:22 JST 2025: ポッドキャスト更新開始 =====
2025-05-20 19:45:22,502 - INFO - 🚀 YouTube→ポッドキャスト変換 開始
2025-05-20 19:45:22,502 - INFO - 🚀 YouTube→ポッドキャスト変換 開始
2025-05-20 19:45:22,578 - INFO - 🎙️ 番組処理開始: houdou1930 (報道1930)
2025-05-20 19:45:22,578 - INFO - 🎙️ 番組処理開始: houdou1930 (報道1930)
2025-05-20 19:45:22,578 - INFO - 🎙️ 番組処理開始: houdoutokushuu (報道特集)
2025-05-20 19:45:22,578 - INFO - 🎙️ 番組処理開始: houdoutokushuu (報道特集)
2025-05-20 19:45:22,579 - INFO - 🎙️ 番組処理開始: shinsou (深層ニュース)
2025-05-20 19:45:22,579 - INFO - 🎙️ 番組処理開始: shinsou (深層ニュース)
2025-05-20 19:45:24,384 - INFO - 🎞️ 対象動画数: 15
2025-05-20 19:45:24,384 - INFO - 🎞️ 対象動画数: 15
2025-05-20 19:45:24,495 - INFO - 🎞️ 対象動画数: 15
2025-05-20 19:45:24,495 - INFO - 🎞️ 対象動画数: 15
2025-05-20 19:45:24,795 - INFO - 🎞️ 対象動画数: 15
2025-05-20 19:45:24,795 - INFO - 🎞️ 対象動画数: 15
2025-05-20 19:45:29,306 - INFO - ⬇️ ダウンロード: 05-20：約3年ぶり直接交渉も即時停戦めぐり物別れ…ロシア“どう喝”交渉の狙い▽「この仕事.mp3
2025-05-20 19:45:29,306 - INFO - ⬇️ ダウンロード: 05-20：約3年ぶり直接交渉も即時停戦めぐり物別れ…ロシア“どう喝”交渉の狙い▽「この仕事.mp3
2025-05-20 19:45:30,086 - INFO - ⬇️ ダウンロード: 05-19：間もなく米ロ電話会談…合意か決裂か　NATOへの領空侵犯 ロシアの本当の狙いは【.mp3
2025-05-20 19:45:30,086 - INFO - ⬇️ ダウンロード: 05-19：間もなく米ロ電話会談…合意か決裂か　NATOへの領空侵犯 ロシアの本当の狙いは【.mp3
2025-05-20 19:45:30,627 - INFO - ⬇️ ダウンロード: 05-20：“任命拒否問題”の当事者が語った　文書が存在しないというのは「ありえないですね」.mp3
2025-05-20 19:45:30,627 - INFO - ⬇️ ダウンロード: 05-20：“任命拒否問題”の当事者が語った　文書が存在しないというのは「ありえないですね」.mp3
2025-05-20 19:46:45,688 - INFO - ☁️ アップロード: 05-20：約3年ぶり直接交渉も即時停戦めぐり物別れ…ロシア“どう喝”交渉の狙い▽「この仕事.mp3
2025-05-20 19:46:45,688 - INFO - ☁️ アップロード: 05-20：約3年ぶり直接交渉も即時停戦めぐり物別れ…ロシア“どう喝”交渉の狙い▽「この仕事.mp3
2025-05-20 19:47:09,834 - INFO - ☁️ アップロード: 05-19：間もなく米ロ電話会談…合意か決裂か　NATOへの領空侵犯 ロシアの本当の狙いは【.mp3
2025-05-20 19:47:09,834 - INFO - ☁️ アップロード: 05-19：間もなく米ロ電話会談…合意か決裂か　NATOへの領空侵犯 ロシアの本当の狙いは【.mp3
2025-05-20 19:47:10,497 - INFO - ⬇️ ダウンロード: 05-16：【深層NEWS】露・ウクライナ３年ぶり直接交渉へ…プーチン氏は欠席▽トランプ氏中.mp3
2025-05-20 19:47:10,497 - INFO - ⬇️ ダウンロード: 05-16：【深層NEWS】露・ウクライナ３年ぶり直接交渉へ…プーチン氏は欠席▽トランプ氏中.mp3
2025-05-20 19:47:25,459 - INFO - ☁️ アップロード: 05-20：“任命拒否問題”の当事者が語った　文書が存在しないというのは「ありえないですね」.mp3
2025-05-20 19:47:25,459 - INFO - ☁️ アップロード: 05-20：“任命拒否問題”の当事者が語った　文書が存在しないというのは「ありえないですね」.mp3
2025-05-20 19:47:59,518 - INFO - ⬇️ ダウンロード: 05-16：「ムハンマド皇太子を好きすぎる」　米・中東外交の裏で孤立するイスラエル【5月16.mp3
2025-05-20 19:47:59,518 - INFO - ⬇️ ダウンロード: 05-16：「ムハンマド皇太子を好きすぎる」　米・中東外交の裏で孤立するイスラエル【5月16.mp3
2025-05-20 19:48:09,534 - ERROR - ⚠️ yt-dlp実行エラー: ❌ 動画が削除されています
2025-05-20 19:48:09,534 - ERROR - ⚠️ yt-dlp実行エラー: ❌ 動画が削除されています
2025-05-20 19:48:12,421 - ERROR - ⚠️ yt-dlp実行エラー: ❌ 動画が削除されています
2025-05-20 19:48:12,421 - ERROR - ⚠️ yt-dlp実行エラー: ❌ 動画が削除されています
2025-05-20 19:48:18,512 - ERROR - ⚠️ yt-dlp実行エラー: 🔒 非公開動画です
2025-05-20 19:48:18,512 - ERROR - ⚠️ yt-dlp実行エラー: 🔒 非公開動画です
2025-05-20 19:48:33,160 - ERROR - ⚠️ yt-dlp実行エラー: 🔒 非公開動画です
2025-05-20 19:48:33,160 - ERROR - ⚠️ yt-dlp実行エラー: 🔒 非公開動画です
2025-05-20 19:48:34,286 - INFO - ☁️ アップロード: 05-16：【深層NEWS】露・ウクライナ３年ぶり直接交渉へ…プーチン氏は欠席▽トランプ氏中.mp3
2025-05-20 19:48:34,286 - INFO - ☁️ アップロード: 05-16：【深層NEWS】露・ウクライナ３年ぶり直接交渉へ…プーチン氏は欠席▽トランプ氏中.mp3
2025-05-20 19:48:48,675 - ERROR - ⚠️ yt-dlp実行エラー: 🔒 非公開動画です
2025-05-20 19:48:48,675 - ERROR - ⚠️ yt-dlp実行エラー: 🔒 非公開動画です
2025-05-20 19:48:55,510 - ERROR - ⚠️ yt-dlp実行エラー: 🔒 非公開動画です
2025-05-20 19:48:55,510 - ERROR - ⚠️ yt-dlp実行エラー: 🔒 非公開動画です
2025-05-20 19:49:00,952 - INFO - ✅ ダウンロード完了（1 件）
2025-05-20 19:49:00,952 - INFO - ✅ ダウンロード完了（1 件）
2025-05-20 19:49:00,952 - INFO - 🧹 古いファイル削除: houdoutokushuu
2025-05-20 19:49:00,952 - INFO - 🧹 古いファイル削除: houdoutokushuu
2025-05-20 19:49:01,022 - INFO - 📄 feed.xml 生成: houdoutokushuu
2025-05-20 19:49:01,022 - INFO - 📄 feed.xml 生成: houdoutokushuu
/home/teisa/github/tetsufumi-isa.github.io/projects/podcast-converter/code/podcast_update.py:375: DeprecationWarning: datetime.datetime.utcnow() is deprecated and scheduled for removal in a future version. Use timezone-aware objects to represent datetimes in UTC: datetime.datetime.now(datetime.UTC).
  <lastBuildDate>{email.utils.format_datetime(datetime.utcnow())}</lastBuildDate>
2025-05-20 19:49:01,023 - INFO - ✅ RSS生成完了: houdoutokushuu
2025-05-20 19:49:01,023 - INFO - ✅ RSS生成完了: houdoutokushuu
2025-05-20 19:49:01,024 - INFO - 🎙️ 番組処理開始: nichiyouscoop (日曜スクープ)
2025-05-20 19:49:01,024 - INFO - 🎙️ 番組処理開始: nichiyouscoop (日曜スクープ)
2025-05-20 19:49:01,024 - INFO - ✅ 番組処理完了: houdoutokushuu
2025-05-20 19:49:01,024 - INFO - ✅ 番組処理完了: houdoutokushuu
2025-05-20 19:49:02,812 - INFO - 🎞️ 対象動画数: 15
2025-05-20 19:49:02,812 - INFO - 🎞️ 対象動画数: 15
2025-05-20 19:49:07,736 - INFO - ⬇️ ダウンロード: 05-18：【AI半導体輸出に米警戒】中東経由移転に懸念“米中の技術覇権競争”激化の構図は【.mp3
2025-05-20 19:49:07,736 - INFO - ⬇️ ダウンロード: 05-18：【AI半導体輸出に米警戒】中東経由移転に懸念“米中の技術覇権競争”激化の構図は【.mp3
2025-05-20 19:49:17,219 - INFO - ☁️ アップロード: 05-16：「ムハンマド皇太子を好きすぎる」　米・中東外交の裏で孤立するイスラエル【5月16.mp3
2025-05-20 19:49:17,219 - INFO - ☁️ アップロード: 05-16：「ムハンマド皇太子を好きすぎる」　米・中東外交の裏で孤立するイスラエル【5月16.mp3
2025-05-20 19:49:53,647 - ERROR - ⚠️ yt-dlp実行エラー: 🔒 非公開動画です
2025-05-20 19:49:53,647 - ERROR - ⚠️ yt-dlp実行エラー: 🔒 非公開動画です
2025-05-20 19:49:57,543 - INFO - ☁️ アップロード: 05-18：【AI半導体輸出に米警戒】中東経由移転に懸念“米中の技術覇権競争”激化の構図は【.mp3
2025-05-20 19:49:57,543 - INFO - ☁️ アップロード: 05-18：【AI半導体輸出に米警戒】中東経由移転に懸念“米中の技術覇権競争”激化の構図は【.mp3
2025-05-20 19:50:05,709 - INFO - ✅ ダウンロード完了（2 件）
2025-05-20 19:50:05,709 - INFO - ✅ ダウンロード完了（2 件）
2025-05-20 19:50:05,710 - INFO - 🧹 古いファイル削除: shinsou
2025-05-20 19:50:05,710 - INFO - 🧹 古いファイル削除: shinsou
2025-05-20 19:50:05,807 - INFO - 📄 feed.xml 生成: shinsou
2025-05-20 19:50:05,807 - INFO - 📄 feed.xml 生成: shinsou
/home/teisa/github/tetsufumi-isa.github.io/projects/podcast-converter/code/podcast_update.py:375: DeprecationWarning: datetime.datetime.utcnow() is deprecated and scheduled for removal in a future version. Use timezone-aware objects to represent datetimes in UTC: datetime.datetime.now(datetime.UTC).
  <lastBuildDate>{email.utils.format_datetime(datetime.utcnow())}</lastBuildDate>
2025-05-20 19:50:05,808 - INFO - ✅ RSS生成完了: shinsou
2025-05-20 19:50:05,808 - INFO - ✅ RSS生成完了: shinsou
2025-05-20 19:50:05,808 - INFO - ✅ 番組処理完了: shinsou
2025-05-20 19:50:05,808 - INFO - ✅ 番組処理完了: shinsou
2025-05-20 19:50:05,808 - INFO - 🎙️ 番組処理開始: onigoe (鬼越トマホーク)
2025-05-20 19:50:05,808 - INFO - 🎙️ 番組処理開始: onigoe (鬼越トマホーク)
2025-05-20 19:50:06,927 - INFO - 🎞️ 対象動画数: 15
2025-05-20 19:50:06,927 - INFO - 🎞️ 対象動画数: 15
2025-05-20 19:50:10,122 - INFO - ⬇️ ダウンロード: 05-18：【ロシア・ウクライナ直接協議】3年ぶり再開“即時停戦なく交渉継続”和平の模索は【.mp3
2025-05-20 19:50:10,122 - INFO - ⬇️ ダウンロード: 05-18：【ロシア・ウクライナ直接協議】3年ぶり再開“即時停戦なく交渉継続”和平の模索は【.mp3
2025-05-20 19:50:12,231 - INFO - ⬇️ ダウンロード: 05-20：【超新星】SNSで話題の3人組しんやって一体何者？深掘りすればするほどヤバい姿が.mp3
2025-05-20 19:50:12,231 - INFO - ⬇️ ダウンロード: 05-20：【超新星】SNSで話題の3人組しんやって一体何者？深掘りすればするほどヤバい姿が.mp3
2025-05-20 19:51:01,434 - ERROR - ⚠️ yt-dlp実行エラー: ❌ 動画が削除されています
2025-05-20 19:51:01,434 - ERROR - ⚠️ yt-dlp実行エラー: ❌ 動画が削除されています
2025-05-20 19:51:01,434 - INFO - ✅ ダウンロード完了（2 件）
2025-05-20 19:51:01,434 - INFO - ✅ ダウンロード完了（2 件）
2025-05-20 19:51:01,434 - INFO - 🧹 古いファイル削除: houdou1930
2025-05-20 19:51:01,434 - INFO - 🧹 古いファイル削除: houdou1930
2025-05-20 19:51:01,584 - INFO - 📄 feed.xml 生成: houdou1930
2025-05-20 19:51:01,584 - INFO - 📄 feed.xml 生成: houdou1930
/home/teisa/github/tetsufumi-isa.github.io/projects/podcast-converter/code/podcast_update.py:375: DeprecationWarning: datetime.datetime.utcnow() is deprecated and scheduled for removal in a future version. Use timezone-aware objects to represent datetimes in UTC: datetime.datetime.now(datetime.UTC).
  <lastBuildDate>{email.utils.format_datetime(datetime.utcnow())}</lastBuildDate>
2025-05-20 19:51:01,584 - INFO - ✅ RSS生成完了: houdou1930
2025-05-20 19:51:01,584 - INFO - ✅ RSS生成完了: houdou1930
2025-05-20 19:51:01,584 - INFO - ✅ 番組処理完了: houdou1930
2025-05-20 19:51:01,584 - INFO - ✅ 番組処理完了: houdou1930
2025-05-20 19:51:01,585 - INFO - 🎙️ 番組処理開始: tapouttv (タップアウトTV)
2025-05-20 19:51:01,585 - INFO - 🎙️ 番組処理開始: tapouttv (タップアウトTV)
2025-05-20 19:51:02,829 - INFO - 🎞️ 対象動画数: 15
2025-05-20 19:51:02,829 - INFO - 🎞️ 対象動画数: 15
2025-05-20 19:51:45,019 - INFO - ☁️ アップロード: 05-20：【超新星】SNSで話題の3人組しんやって一体何者？深掘りすればするほどヤバい姿が.mp3
2025-05-20 19:51:45,019 - INFO - ☁️ アップロード: 05-20：【超新星】SNSで話題の3人組しんやって一体何者？深掘りすればするほどヤバい姿が.mp3
2025-05-20 19:51:48,219 - INFO - ☁️ アップロード: 05-18：【ロシア・ウクライナ直接協議】3年ぶり再開“即時停戦なく交渉継続”和平の模索は【.mp3
2025-05-20 19:51:48,219 - INFO - ☁️ アップロード: 05-18：【ロシア・ウクライナ直接協議】3年ぶり再開“即時停戦なく交渉継続”和平の模索は【.mp3
2025-05-20 19:52:13,329 - INFO - ⬇️ ダウンロード: 05-17：同期のニューヨーク嶋佐に半生を聞いたら知らなかった話や懐かしい話が沢山聞けて最高.mp3
2025-05-20 19:52:13,329 - INFO - ⬇️ ダウンロード: 05-17：同期のニューヨーク嶋佐に半生を聞いたら知らなかった話や懐かしい話が沢山聞けて最高.mp3
2025-05-20 19:52:24,854 - INFO - ✅ ダウンロード完了（0 件）
2025-05-20 19:52:24,854 - INFO - ✅ ダウンロード完了（0 件）
2025-05-20 19:52:24,854 - INFO - 🧹 古いファイル削除: tapouttv
2025-05-20 19:52:24,854 - INFO - 🧹 古いファイル削除: tapouttv
2025-05-20 19:52:25,013 - INFO - 📄 feed.xml 生成: tapouttv
2025-05-20 19:52:25,013 - INFO - 📄 feed.xml 生成: tapouttv
/home/teisa/github/tetsufumi-isa.github.io/projects/podcast-converter/code/podcast_update.py:375: DeprecationWarning: datetime.datetime.utcnow() is deprecated and scheduled for removal in a future version. Use timezone-aware objects to represent datetimes in UTC: datetime.datetime.now(datetime.UTC).
  <lastBuildDate>{email.utils.format_datetime(datetime.utcnow())}</lastBuildDate>
2025-05-20 19:52:25,014 - INFO - ✅ RSS生成完了: tapouttv
2025-05-20 19:52:25,014 - INFO - ✅ RSS生成完了: tapouttv
2025-05-20 19:52:25,016 - INFO - ✅ 番組処理完了: tapouttv
2025-05-20 19:52:25,016 - INFO - ✅ 番組処理完了: tapouttv
2025-05-20 19:52:25,016 - INFO - 🎙️ 番組処理開始: takonokenkai (タコの見解)
2025-05-20 19:52:25,016 - INFO - 🎙️ 番組処理開始: takonokenkai (タコの見解)
2025-05-20 19:52:47,635 - INFO - 🎞️ 対象動画数: 15
2025-05-20 19:52:47,635 - INFO - 🎞️ 対象動画数: 15
2025-05-20 19:52:52,479 - INFO - ⬇️ ダウンロード: 05-17：高田延彦と榊原信行の長きに渡る関係が破綻してしまった件がヤバい.mp3
2025-05-20 19:52:52,479 - INFO - ⬇️ ダウンロード: 05-17：高田延彦と榊原信行の長きに渡る関係が破綻してしまった件がヤバい.mp3
2025-05-20 19:53:23,356 - INFO - ✅ ダウンロード完了（2 件）
2025-05-20 19:53:23,356 - INFO - ✅ ダウンロード完了（2 件）
2025-05-20 19:53:23,356 - INFO - 🧹 古いファイル削除: nichiyouscoop
2025-05-20 19:53:23,356 - INFO - 🧹 古いファイル削除: nichiyouscoop
2025-05-20 19:53:23,442 - INFO - 📄 feed.xml 生成: nichiyouscoop
2025-05-20 19:53:23,442 - INFO - 📄 feed.xml 生成: nichiyouscoop
/home/teisa/github/tetsufumi-isa.github.io/projects/podcast-converter/code/podcast_update.py:375: DeprecationWarning: datetime.datetime.utcnow() is deprecated and scheduled for removal in a future version. Use timezone-aware objects to represent datetimes in UTC: datetime.datetime.now(datetime.UTC).
  <lastBuildDate>{email.utils.format_datetime(datetime.utcnow())}</lastBuildDate>
2025-05-20 19:53:23,443 - INFO - ✅ RSS生成完了: nichiyouscoop
2025-05-20 19:53:23,443 - INFO - ✅ RSS生成完了: nichiyouscoop
2025-05-20 19:53:23,443 - INFO - ✅ 番組処理完了: nichiyouscoop
2025-05-20 19:53:23,443 - INFO - ✅ 番組処理完了: nichiyouscoop
2025-05-20 19:53:23,443 - INFO - 🎙️ 番組処理開始: chibipen (ちびペンギン)
2025-05-20 19:53:23,443 - INFO - 🎙️ 番組処理開始: chibipen (ちびペンギン)
2025-05-20 19:53:24,166 - INFO - ☁️ アップロード: 05-17：高田延彦と榊原信行の長きに渡る関係が破綻してしまった件がヤバい.mp3
2025-05-20 19:53:24,166 - INFO - ☁️ アップロード: 05-17：高田延彦と榊原信行の長きに渡る関係が破綻してしまった件がヤバい.mp3
2025-05-20 19:53:24,979 - INFO - 🎞️ 対象動画数: 15
2025-05-20 19:53:24,979 - INFO - 🎞️ 対象動画数: 15
2025-05-20 19:53:31,084 - INFO - ⬇️ ダウンロード: 05-19：【速報】二人のビーフの仲介業務を委託された孫GONGやアンチに採点されるeyde.mp3
2025-05-20 19:53:31,084 - INFO - ⬇️ ダウンロード: 05-19：【速報】二人のビーフの仲介業務を委託された孫GONGやアンチに採点されるeyde.mp3
2025-05-20 19:53:40,134 - INFO - ☁️ アップロード: 05-17：同期のニューヨーク嶋佐に半生を聞いたら知らなかった話や懐かしい話が沢山聞けて最高.mp3
2025-05-20 19:53:40,134 - INFO - ☁️ アップロード: 05-17：同期のニューヨーク嶋佐に半生を聞いたら知らなかった話や懐かしい話が沢山聞けて最高.mp3
2025-05-20 19:53:47,354 - INFO - ☁️ アップロード: 05-19：【速報】二人のビーフの仲介業務を委託された孫GONGやアンチに採点されるeyde.mp3
2025-05-20 19:53:47,354 - INFO - ☁️ アップロード: 05-19：【速報】二人のビーフの仲介業務を委託された孫GONGやアンチに採点されるeyde.mp3
2025-05-20 19:53:59,178 - INFO - ⬇️ ダウンロード: 05-17：【速報】KEIJUの新アルバム「N.I.T.O.」全曲を解説！！サンプリング元や.mp3
2025-05-20 19:53:59,178 - INFO - ⬇️ ダウンロード: 05-17：【速報】KEIJUの新アルバム「N.I.T.O.」全曲を解説！！サンプリング元や.mp3
2025-05-20 19:54:20,609 - INFO - ☁️ アップロード: 05-17：【速報】KEIJUの新アルバム「N.I.T.O.」全曲を解説！！サンプリング元や.mp3
2025-05-20 19:54:20,609 - INFO - ☁️ アップロード: 05-17：【速報】KEIJUの新アルバム「N.I.T.O.」全曲を解説！！サンプリング元や.mp3
2025-05-20 19:54:43,078 - INFO - ✅ ダウンロード完了（1 件）
2025-05-20 19:54:43,078 - INFO - ✅ ダウンロード完了（1 件）
2025-05-20 19:54:43,078 - INFO - 🧹 古いファイル削除: takonokenkai
2025-05-20 19:54:43,078 - INFO - 🧹 古いファイル削除: takonokenkai
2025-05-20 19:54:43,153 - INFO - 📄 feed.xml 生成: takonokenkai
2025-05-20 19:54:43,153 - INFO - 📄 feed.xml 生成: takonokenkai
/home/teisa/github/tetsufumi-isa.github.io/projects/podcast-converter/code/podcast_update.py:375: DeprecationWarning: datetime.datetime.utcnow() is deprecated and scheduled for removal in a future version. Use timezone-aware objects to represent datetimes in UTC: datetime.datetime.now(datetime.UTC).
  <lastBuildDate>{email.utils.format_datetime(datetime.utcnow())}</lastBuildDate>
2025-05-20 19:54:43,154 - INFO - ✅ RSS生成完了: takonokenkai
2025-05-20 19:54:43,154 - INFO - ✅ RSS生成完了: takonokenkai
2025-05-20 19:54:43,155 - INFO - 🎙️ 番組処理開始: topanga3 (トパンガ)
2025-05-20 19:54:43,155 - INFO - 🎙️ 番組処理開始: topanga3 (トパンガ)
2025-05-20 19:54:43,155 - INFO - ✅ 番組処理完了: takonokenkai
2025-05-20 19:54:43,155 - INFO - ✅ 番組処理完了: takonokenkai
2025-05-20 19:54:44,330 - INFO - 🎞️ 対象動画数: 15
2025-05-20 19:54:44,330 - INFO - 🎞️ 対象動画数: 15
2025-05-20 19:54:46,310 - ERROR - ⚠️ yt-dlp実行エラー: ⚠️ ERROR: [youtube] 8gW4ya6VhsQ: This live event will begin in 25 hours.

2025-05-20 19:54:46,310 - ERROR - ⚠️ yt-dlp実行エラー: ⚠️ ERROR: [youtube] 8gW4ya6VhsQ: This live event will begin in 25 hours.

2025-05-20 19:54:48,479 - ERROR - ⚠️ yt-dlp実行エラー: ⚠️ ERROR: [youtube] yJ8r464MILk: This live event will begin in 65 minutes.

2025-05-20 19:54:48,479 - ERROR - ⚠️ yt-dlp実行エラー: ⚠️ ERROR: [youtube] yJ8r464MILk: This live event will begin in 65 minutes.

2025-05-20 19:54:58,191 - INFO - ✅ ダウンロード完了（2 件）
2025-05-20 19:54:58,191 - INFO - ✅ ダウンロード完了（2 件）
2025-05-20 19:54:58,191 - INFO - 🧹 古いファイル削除: onigoe
2025-05-20 19:54:58,191 - INFO - 🧹 古いファイル削除: onigoe
2025-05-20 19:54:58,269 - INFO - 📄 feed.xml 生成: onigoe
2025-05-20 19:54:58,269 - INFO - 📄 feed.xml 生成: onigoe
/home/teisa/github/tetsufumi-isa.github.io/projects/podcast-converter/code/podcast_update.py:375: DeprecationWarning: datetime.datetime.utcnow() is deprecated and scheduled for removal in a future version. Use timezone-aware objects to represent datetimes in UTC: datetime.datetime.now(datetime.UTC).
  <lastBuildDate>{email.utils.format_datetime(datetime.utcnow())}</lastBuildDate>
2025-05-20 19:54:58,270 - INFO - ✅ RSS生成完了: onigoe
2025-05-20 19:54:58,270 - INFO - ✅ RSS生成完了: onigoe
2025-05-20 19:54:58,271 - INFO - 🎙️ 番組処理開始: nagano (永野ch)
2025-05-20 19:54:58,271 - INFO - 🎙️ 番組処理開始: nagano (永野ch)
2025-05-20 19:54:58,271 - INFO - ✅ 番組処理完了: onigoe
2025-05-20 19:54:58,271 - INFO - ✅ 番組処理完了: onigoe
2025-05-20 19:54:59,381 - INFO - 🎞️ 対象動画数: 15
2025-05-20 19:54:59,381 - INFO - 🎞️ 対象動画数: 15
2025-05-20 19:55:21,473 - INFO - ✅ ダウンロード完了（2 件）
2025-05-20 19:55:21,473 - INFO - ✅ ダウンロード完了（2 件）
2025-05-20 19:55:21,473 - INFO - 🧹 古いファイル削除: chibipen
2025-05-20 19:55:21,473 - INFO - 🧹 古いファイル削除: chibipen
2025-05-20 19:55:21,860 - INFO - 📄 feed.xml 生成: chibipen
2025-05-20 19:55:21,860 - INFO - 📄 feed.xml 生成: chibipen
/home/teisa/github/tetsufumi-isa.github.io/projects/podcast-converter/code/podcast_update.py:375: DeprecationWarning: datetime.datetime.utcnow() is deprecated and scheduled for removal in a future version. Use timezone-aware objects to represent datetimes in UTC: datetime.datetime.now(datetime.UTC).
  <lastBuildDate>{email.utils.format_datetime(datetime.utcnow())}</lastBuildDate>
2025-05-20 19:55:21,860 - INFO - ✅ RSS生成完了: chibipen
2025-05-20 19:55:21,860 - INFO - ✅ RSS生成完了: chibipen
2025-05-20 19:55:21,860 - INFO - 🎙️ 番組処理開始: tokido (ときどch)
2025-05-20 19:55:21,860 - INFO - 🎙️ 番組処理開始: tokido (ときどch)
2025-05-20 19:55:21,861 - INFO - ✅ 番組処理完了: chibipen
2025-05-20 19:55:21,861 - INFO - ✅ 番組処理完了: chibipen
2025-05-20 19:55:23,022 - INFO - 🎞️ 対象動画数: 15
2025-05-20 19:55:23,022 - INFO - 🎞️ 対象動画数: 15
2025-05-20 19:55:46,686 - INFO - ✅ ダウンロード完了（0 件）
2025-05-20 19:55:46,686 - INFO - ✅ ダウンロード完了（0 件）
2025-05-20 19:55:46,687 - INFO - 🧹 古いファイル削除: topanga3
2025-05-20 19:55:46,687 - INFO - 🧹 古いファイル削除: topanga3
2025-05-20 19:55:46,860 - INFO - 📄 feed.xml 生成: topanga3
2025-05-20 19:55:46,860 - INFO - 📄 feed.xml 生成: topanga3
/home/teisa/github/tetsufumi-isa.github.io/projects/podcast-converter/code/podcast_update.py:375: DeprecationWarning: datetime.datetime.utcnow() is deprecated and scheduled for removal in a future version. Use timezone-aware objects to represent datetimes in UTC: datetime.datetime.now(datetime.UTC).
  <lastBuildDate>{email.utils.format_datetime(datetime.utcnow())}</lastBuildDate>
2025-05-20 19:55:46,861 - INFO - ✅ RSS生成完了: topanga3
2025-05-20 19:55:46,861 - INFO - ✅ RSS生成完了: topanga3
2025-05-20 19:55:46,862 - INFO - ✅ 番組処理完了: topanga3
2025-05-20 19:55:46,862 - INFO - ✅ 番組処理完了: topanga3
2025-05-20 19:55:46,863 - INFO - 🎙️ 番組処理開始: yoshidago (吉田豪)
2025-05-20 19:55:46,863 - INFO - 🎙️ 番組処理開始: yoshidago (吉田豪)
2025-05-20 19:55:48,139 - INFO - 🎞️ 対象動画数: 15
2025-05-20 19:55:48,139 - INFO - 🎞️ 対象動画数: 15
2025-05-20 19:56:06,402 - INFO - ✅ ダウンロード完了（0 件）
2025-05-20 19:56:06,402 - INFO - ✅ ダウンロード完了（0 件）
2025-05-20 19:56:06,402 - INFO - 🧹 古いファイル削除: nagano
2025-05-20 19:56:06,402 - INFO - 🧹 古いファイル削除: nagano
2025-05-20 19:56:06,517 - INFO - 📄 feed.xml 生成: nagano
2025-05-20 19:56:06,517 - INFO - 📄 feed.xml 生成: nagano
/home/teisa/github/tetsufumi-isa.github.io/projects/podcast-converter/code/podcast_update.py:375: DeprecationWarning: datetime.datetime.utcnow() is deprecated and scheduled for removal in a future version. Use timezone-aware objects to represent datetimes in UTC: datetime.datetime.now(datetime.UTC).
  <lastBuildDate>{email.utils.format_datetime(datetime.utcnow())}</lastBuildDate>
2025-05-20 19:56:06,518 - INFO - ✅ RSS生成完了: nagano
2025-05-20 19:56:06,518 - INFO - ✅ RSS生成完了: nagano
2025-05-20 19:56:06,518 - INFO - 🎙️ 番組処理開始: herohero (新宿ヘロヘロ団)
2025-05-20 19:56:06,518 - INFO - 🎙️ 番組処理開始: herohero (新宿ヘロヘロ団)
2025-05-20 19:56:06,518 - INFO - ✅ 番組処理完了: nagano
2025-05-20 19:56:06,518 - INFO - ✅ 番組処理完了: nagano
2025-05-20 19:56:07,717 - INFO - 🎞️ 対象動画数: 15
2025-05-20 19:56:07,717 - INFO - 🎞️ 対象動画数: 15
2025-05-20 19:56:12,802 - INFO - ⬇️ ダウンロード: 05-19：【本気6品】トースト初心者上田に教えたい！「最強のパンのお供選手権」.mp3
2025-05-20 19:56:12,802 - INFO - ⬇️ ダウンロード: 05-19：【本気6品】トースト初心者上田に教えたい！「最強のパンのお供選手権」.mp3
2025-05-20 19:56:33,762 - INFO - ✅ ダウンロード完了（0 件）
2025-05-20 19:56:33,762 - INFO - ✅ ダウンロード完了（0 件）
2025-05-20 19:56:33,762 - INFO - 🧹 古いファイル削除: tokido
2025-05-20 19:56:33,762 - INFO - 🧹 古いファイル削除: tokido
2025-05-20 19:56:33,882 - INFO - 📄 feed.xml 生成: tokido
2025-05-20 19:56:33,882 - INFO - 📄 feed.xml 生成: tokido
/home/teisa/github/tetsufumi-isa.github.io/projects/podcast-converter/code/podcast_update.py:375: DeprecationWarning: datetime.datetime.utcnow() is deprecated and scheduled for removal in a future version. Use timezone-aware objects to represent datetimes in UTC: datetime.datetime.now(datetime.UTC).
  <lastBuildDate>{email.utils.format_datetime(datetime.utcnow())}</lastBuildDate>
2025-05-20 19:56:33,882 - INFO - ✅ RSS生成完了: tokido
2025-05-20 19:56:33,882 - INFO - ✅ RSS生成完了: tokido
2025-05-20 19:56:33,882 - INFO - ✅ 番組処理完了: tokido
2025-05-20 19:56:33,882 - INFO - ✅ 番組処理完了: tokido
2025-05-20 19:56:33,882 - INFO - 🎙️ 番組処理開始: rap_ej (Rap_EJ)
2025-05-20 19:56:33,882 - INFO - 🎙️ 番組処理開始: rap_ej (Rap_EJ)
2025-05-20 19:56:35,054 - INFO - 🎞️ 対象動画数: 15
2025-05-20 19:56:35,054 - INFO - 🎞️ 対象動画数: 15
2025-05-20 19:56:50,614 - INFO - ☁️ アップロード: 05-19：【本気6品】トースト初心者上田に教えたい！「最強のパンのお供選手権」.mp3
2025-05-20 19:56:50,614 - INFO - ☁️ アップロード: 05-19：【本気6品】トースト初心者上田に教えたい！「最強のパンのお供選手権」.mp3
2025-05-20 19:57:01,479 - INFO - ✅ ダウンロード完了（0 件）
2025-05-20 19:57:01,479 - INFO - ✅ ダウンロード完了（0 件）
2025-05-20 19:57:01,479 - INFO - 🧹 古いファイル削除: yoshidago
2025-05-20 19:57:01,479 - INFO - 🧹 古いファイル削除: yoshidago
2025-05-20 19:57:01,600 - INFO - 📄 feed.xml 生成: yoshidago
2025-05-20 19:57:01,600 - INFO - 📄 feed.xml 生成: yoshidago
/home/teisa/github/tetsufumi-isa.github.io/projects/podcast-converter/code/podcast_update.py:375: DeprecationWarning: datetime.datetime.utcnow() is deprecated and scheduled for removal in a future version. Use timezone-aware objects to represent datetimes in UTC: datetime.datetime.now(datetime.UTC).
  <lastBuildDate>{email.utils.format_datetime(datetime.utcnow())}</lastBuildDate>
2025-05-20 19:57:01,601 - INFO - ✅ RSS生成完了: yoshidago
2025-05-20 19:57:01,601 - INFO - ✅ RSS生成完了: yoshidago
2025-05-20 19:57:01,603 - INFO - ✅ 番組処理完了: yoshidago
2025-05-20 19:57:01,603 - INFO - ✅ 番組処理完了: yoshidago
2025-05-20 19:57:41,656 - INFO - ✅ ダウンロード完了（0 件）
2025-05-20 19:57:41,656 - INFO - ✅ ダウンロード完了（0 件）
2025-05-20 19:57:41,656 - INFO - 🧹 古いファイル削除: rap_ej
2025-05-20 19:57:41,656 - INFO - 🧹 古いファイル削除: rap_ej
2025-05-20 19:57:41,740 - INFO - 📄 feed.xml 生成: rap_ej
2025-05-20 19:57:41,740 - INFO - 📄 feed.xml 生成: rap_ej
/home/teisa/github/tetsufumi-isa.github.io/projects/podcast-converter/code/podcast_update.py:375: DeprecationWarning: datetime.datetime.utcnow() is deprecated and scheduled for removal in a future version. Use timezone-aware objects to represent datetimes in UTC: datetime.datetime.now(datetime.UTC).
  <lastBuildDate>{email.utils.format_datetime(datetime.utcnow())}</lastBuildDate>
2025-05-20 19:57:41,740 - INFO - ✅ RSS生成完了: rap_ej
2025-05-20 19:57:41,740 - INFO - ✅ RSS生成完了: rap_ej
2025-05-20 19:57:41,741 - INFO - ✅ 番組処理完了: rap_ej
2025-05-20 19:57:41,741 - INFO - ✅ 番組処理完了: rap_ej
2025-05-20 19:57:56,221 - INFO - ✅ ダウンロード完了（1 件）
2025-05-20 19:57:56,221 - INFO - ✅ ダウンロード完了（1 件）
2025-05-20 19:57:56,221 - INFO - 🧹 古いファイル削除: herohero
2025-05-20 19:57:56,221 - INFO - 🧹 古いファイル削除: herohero
2025-05-20 19:57:56,311 - INFO - 📄 feed.xml 生成: herohero
2025-05-20 19:57:56,311 - INFO - 📄 feed.xml 生成: herohero
/home/teisa/github/tetsufumi-isa.github.io/projects/podcast-converter/code/podcast_update.py:375: DeprecationWarning: datetime.datetime.utcnow() is deprecated and scheduled for removal in a future version. Use timezone-aware objects to represent datetimes in UTC: datetime.datetime.now(datetime.UTC).
  <lastBuildDate>{email.utils.format_datetime(datetime.utcnow())}</lastBuildDate>
2025-05-20 19:57:56,312 - INFO - ✅ RSS生成完了: herohero
2025-05-20 19:57:56,312 - INFO - ✅ RSS生成完了: herohero
2025-05-20 19:57:56,313 - INFO - ✅ 番組処理完了: herohero
2025-05-20 19:57:56,313 - INFO - ✅ 番組処理完了: herohero
2025-05-20 19:57:56,314 - INFO - 
🚀 GitHubにpush中...
2025-05-20 19:57:56,314 - INFO - 
🚀 GitHubにpush中...
2025-05-20 19:57:56,315 - ERROR - ⚠️ Gitエラー: git -C /home/teisa/github/tetsufumi-isa.github.io pull
2025-05-20 19:57:56,315 - ERROR - ⚠️ Gitエラー: git -C /home/teisa/github/tetsufumi-isa.github.io pull
2025-05-20 19:57:56,315 - ERROR - error: Pulling is not possible because you have unmerged files.
hint: Fix them up in the work tree, and then use 'git add/rm <file>'
hint: as appropriate to mark resolution and make a commit.
fatal: Exiting because of an unresolved conflict.

2025-05-20 19:57:56,315 - ERROR - error: Pulling is not possible because you have unmerged files.
hint: Fix them up in the work tree, and then use 'git add/rm <file>'
hint: as appropriate to mark resolution and make a commit.
fatal: Exiting because of an unresolved conflict.

2025-05-20 19:57:56,315 - INFO - 🎉 全処理完了！
2025-05-20 19:57:56,315 - INFO - 🎉 全処理完了！
Tue May 20 19:57:56 JST 2025: 正常に完了しました
Tue May 20 19:57:56 JST 2025: ログクリーンアップ完了。100日以上前のログファイルを削除しました。
===== Tue May 20 19:57:56 JST 2025: ポッドキャスト更新終了 =====
